<?xml version="1.0" encoding="UTF-8"?>
<testsuite xmlns:xsi="http://www.w3.org/2001/XMLSchema-instance" xsi:noNamespaceSchemaLocation="https://maven.apache.org/surefire/maven-surefire-plugin/xsd/surefire-test-report.xsd" name="bl.bullsandcows.data.BullCowDaoImplDBTest" time="5.242" tests="6" errors="3" skipped="0" failures="3">
  <properties>
[...]
</properties>
  <testcase name="testGetAllGames" classname="bl.bullsandcows.data.BullCowDaoImplDBTest" time="1.106">
    <failure type="java.lang.AssertionError">java.lang.AssertionError
	at bl.bullsandcows.data.BullCowDaoImplDBTest.testGetAllGames(BullCowDaoImplDBTest.java:95)
</failure>
    <system-out><![CDATA[06:18:35.272 [main] DEBUG org.springframework.test.context.junit4.SpringJUnit4ClassRunner - SpringJUnit4ClassRunner constructor called with [class bl.bullsandcows.data.BullCowDaoImplDBTest]
06:18:35.272 [main] DEBUG org.springframework.test.context.BootstrapUtils - Instantiating CacheAwareContextLoaderDelegate from class [org.springframework.test.context.cache.DefaultCacheAwareContextLoaderDelegate]
06:18:35.287 [main] DEBUG org.springframework.test.context.BootstrapUtils - Instantiating BootstrapContext using constructor [public org.springframework.test.context.support.DefaultBootstrapContext(java.lang.Class,org.springframework.test.context.CacheAwareContextLoaderDelegate)]
06:18:35.341 [main] DEBUG org.springframework.test.context.BootstrapUtils - Instantiating TestContextBootstrapper for test class [bl.bullsandcows.data.BullCowDaoImplDBTest] from class [org.springframework.boot.test.context.SpringBootTestContextBootstrapper]
06:18:35.358 [main] INFO org.springframework.boot.test.context.SpringBootTestContextBootstrapper - Neither @ContextConfiguration nor @ContextHierarchy found for test class [bl.bullsandcows.data.BullCowDaoImplDBTest], using SpringBootContextLoader
06:18:35.374 [main] DEBUG org.springframework.test.context.support.AbstractContextLoader - Did not detect default resource location for test class [bl.bullsandcows.data.BullCowDaoImplDBTest]: class path resource [bl/bullsandcows/data/BullCowDaoImplDBTest-context.xml] does not exist
06:18:35.374 [main] DEBUG org.springframework.test.context.support.AbstractContextLoader - Did not detect default resource location for test class [bl.bullsandcows.data.BullCowDaoImplDBTest]: class path resource [bl/bullsandcows/data/BullCowDaoImplDBTestContext.groovy] does not exist
06:18:35.374 [main] INFO org.springframework.test.context.support.AbstractContextLoader - Could not detect default resource locations for test class [bl.bullsandcows.data.BullCowDaoImplDBTest]: no resource found for suffixes {-context.xml, Context.groovy}.
06:18:35.374 [main] INFO org.springframework.test.context.support.AnnotationConfigContextLoaderUtils - Could not detect default configuration classes for test class [bl.bullsandcows.data.BullCowDaoImplDBTest]: BullCowDaoImplDBTest does not declare any static, non-private, non-final, nested classes annotated with @Configuration.
06:18:35.437 [main] DEBUG org.springframework.test.context.support.ActiveProfilesUtils - Could not find an 'annotation declaring class' for annotation type [org.springframework.test.context.ActiveProfiles] and class [bl.bullsandcows.data.BullCowDaoImplDBTest]
06:18:35.584 [main] DEBUG org.springframework.context.annotation.ClassPathScanningCandidateComponentProvider - Identified candidate component class: file [C:\Users\Boone\Desktop\SoftwareGuild\Dev10-Coursework\Week07\BullsAndCows\target\classes\bl\bullsandcows\App.class]
06:18:35.584 [main] INFO org.springframework.boot.test.context.SpringBootTestContextBootstrapper - Found @SpringBootConfiguration bl.bullsandcows.App for test class bl.bullsandcows.data.BullCowDaoImplDBTest
06:18:35.725 [main] DEBUG org.springframework.boot.test.context.SpringBootTestContextBootstrapper - @TestExecutionListeners is not present for class [bl.bullsandcows.data.BullCowDaoImplDBTest]: using defaults.
06:18:35.725 [main] INFO org.springframework.boot.test.context.SpringBootTestContextBootstrapper - Loaded default TestExecutionListener class names from location [META-INF/spring.factories]: [org.springframework.boot.test.mock.mockito.MockitoTestExecutionListener, org.springframework.boot.test.mock.mockito.ResetMocksTestExecutionListener, org.springframework.boot.test.autoconfigure.restdocs.RestDocsTestExecutionListener, org.springframework.boot.test.autoconfigure.web.client.MockRestServiceServerResetTestExecutionListener, org.springframework.boot.test.autoconfigure.web.servlet.MockMvcPrintOnlyOnFailureTestExecutionListener, org.springframework.boot.test.autoconfigure.web.servlet.WebDriverTestExecutionListener, org.springframework.test.context.web.ServletTestExecutionListener, org.springframework.test.context.support.DirtiesContextBeforeModesTestExecutionListener, org.springframework.test.context.support.DependencyInjectionTestExecutionListener, org.springframework.test.context.support.DirtiesContextTestExecutionListener, org.springframework.test.context.transaction.TransactionalTestExecutionListener, org.springframework.test.context.jdbc.SqlScriptsTestExecutionListener, org.springframework.test.context.event.EventPublishingTestExecutionListener]
06:18:35.745 [main] INFO org.springframework.boot.test.context.SpringBootTestContextBootstrapper - Using TestExecutionListeners: [org.springframework.test.context.web.ServletTestExecutionListener@142269f2, org.springframework.test.context.support.DirtiesContextBeforeModesTestExecutionListener@331acdad, org.springframework.boot.test.mock.mockito.MockitoTestExecutionListener@41d426b5, org.springframework.boot.test.autoconfigure.SpringBootDependencyInjectionTestExecutionListener@8dbfffb, org.springframework.test.context.support.DirtiesContextTestExecutionListener@f316aeb, org.springframework.test.context.transaction.TransactionalTestExecutionListener@6aa3a905, org.springframework.test.context.jdbc.SqlScriptsTestExecutionListener@a22cb6a, org.springframework.test.context.event.EventPublishingTestExecutionListener@5dd1c9f2, org.springframework.boot.test.mock.mockito.ResetMocksTestExecutionListener@59b38691, org.springframework.boot.test.autoconfigure.restdocs.RestDocsTestExecutionListener@2e2ff723, org.springframework.boot.test.autoconfigure.web.client.MockRestServiceServerResetTestExecutionListener@324a0017, org.springframework.boot.test.autoconfigure.web.servlet.MockMvcPrintOnlyOnFailureTestExecutionListener@6187d1f5, org.springframework.boot.test.autoconfigure.web.servlet.WebDriverTestExecutionListener@2445445a]
06:18:35.755 [main] DEBUG org.springframework.test.annotation.ProfileValueUtils - Retrieved @ProfileValueSourceConfiguration [null] for test class [bl.bullsandcows.data.BullCowDaoImplDBTest]
06:18:35.763 [main] DEBUG org.springframework.test.annotation.ProfileValueUtils - Retrieved ProfileValueSource type [class org.springframework.test.annotation.SystemProfileValueSource] for class [bl.bullsandcows.data.BullCowDaoImplDBTest]
06:18:35.826 [main] DEBUG org.springframework.test.context.junit4.SpringJUnit4ClassRunner - SpringJUnit4ClassRunner constructor called with [class bl.bullsandcows.data.BullCowDaoTest]
06:18:35.826 [main] DEBUG org.springframework.test.context.BootstrapUtils - Instantiating CacheAwareContextLoaderDelegate from class [org.springframework.test.context.cache.DefaultCacheAwareContextLoaderDelegate]
06:18:35.826 [main] DEBUG org.springframework.test.context.BootstrapUtils - Instantiating BootstrapContext using constructor [public org.springframework.test.context.support.DefaultBootstrapContext(java.lang.Class,org.springframework.test.context.CacheAwareContextLoaderDelegate)]
06:18:35.826 [main] DEBUG org.springframework.test.context.BootstrapUtils - Instantiating TestContextBootstrapper for test class [bl.bullsandcows.data.BullCowDaoTest] from class [org.springframework.boot.test.context.SpringBootTestContextBootstrapper]
06:18:35.826 [main] INFO org.springframework.boot.test.context.SpringBootTestContextBootstrapper - Neither @ContextConfiguration nor @ContextHierarchy found for test class [bl.bullsandcows.data.BullCowDaoTest], using SpringBootContextLoader
06:18:35.826 [main] DEBUG org.springframework.test.context.support.AbstractContextLoader - Did not detect default resource location for test class [bl.bullsandcows.data.BullCowDaoTest]: class path resource [bl/bullsandcows/data/BullCowDaoTest-context.xml] does not exist
06:18:35.826 [main] DEBUG org.springframework.test.context.support.AbstractContextLoader - Did not detect default resource location for test class [bl.bullsandcows.data.BullCowDaoTest]: class path resource [bl/bullsandcows/data/BullCowDaoTestContext.groovy] does not exist
06:18:35.834 [main] INFO org.springframework.test.context.support.AbstractContextLoader - Could not detect default resource locations for test class [bl.bullsandcows.data.BullCowDaoTest]: no resource found for suffixes {-context.xml, Context.groovy}.
06:18:35.834 [main] INFO org.springframework.test.context.support.AnnotationConfigContextLoaderUtils - Could not detect default configuration classes for test class [bl.bullsandcows.data.BullCowDaoTest]: BullCowDaoTest does not declare any static, non-private, non-final, nested classes annotated with @Configuration.
06:18:35.836 [main] DEBUG org.springframework.test.context.support.ActiveProfilesUtils - Could not find an 'annotation declaring class' for annotation type [org.springframework.test.context.ActiveProfiles] and class [bl.bullsandcows.data.BullCowDaoTest]
06:18:35.836 [main] INFO org.springframework.boot.test.context.SpringBootTestContextBootstrapper - Found @SpringBootConfiguration bl.bullsandcows.App for test class bl.bullsandcows.data.BullCowDaoTest
06:18:35.836 [main] DEBUG org.springframework.boot.test.context.SpringBootTestContextBootstrapper - @TestExecutionListeners is not present for class [bl.bullsandcows.data.BullCowDaoTest]: using defaults.
06:18:35.836 [main] INFO org.springframework.boot.test.context.SpringBootTestContextBootstrapper - Loaded default TestExecutionListener class names from location [META-INF/spring.factories]: [org.springframework.boot.test.mock.mockito.MockitoTestExecutionListener, org.springframework.boot.test.mock.mockito.ResetMocksTestExecutionListener, org.springframework.boot.test.autoconfigure.restdocs.RestDocsTestExecutionListener, org.springframework.boot.test.autoconfigure.web.client.MockRestServiceServerResetTestExecutionListener, org.springframework.boot.test.autoconfigure.web.servlet.MockMvcPrintOnlyOnFailureTestExecutionListener, org.springframework.boot.test.autoconfigure.web.servlet.WebDriverTestExecutionListener, org.springframework.test.context.web.ServletTestExecutionListener, org.springframework.test.context.support.DirtiesContextBeforeModesTestExecutionListener, org.springframework.test.context.support.DependencyInjectionTestExecutionListener, org.springframework.test.context.support.DirtiesContextTestExecutionListener, org.springframework.test.context.transaction.TransactionalTestExecutionListener, org.springframework.test.context.jdbc.SqlScriptsTestExecutionListener, org.springframework.test.context.event.EventPublishingTestExecutionListener]
06:18:35.836 [main] INFO org.springframework.boot.test.context.SpringBootTestContextBootstrapper - Using TestExecutionListeners: [org.springframework.test.context.web.ServletTestExecutionListener@584f54e6, org.springframework.test.context.support.DirtiesContextBeforeModesTestExecutionListener@5d8bafa9, org.springframework.boot.test.mock.mockito.MockitoTestExecutionListener@576f63f6, org.springframework.boot.test.autoconfigure.SpringBootDependencyInjectionTestExecutionListener@2dca0d64, org.springframework.test.context.support.DirtiesContextTestExecutionListener@f80945f, org.springframework.test.context.transaction.TransactionalTestExecutionListener@ff684e1, org.springframework.test.context.jdbc.SqlScriptsTestExecutionListener@23aa363a, org.springframework.test.context.event.EventPublishingTestExecutionListener@5ef6ae06, org.springframework.boot.test.mock.mockito.ResetMocksTestExecutionListener@55dfebeb, org.springframework.boot.test.autoconfigure.restdocs.RestDocsTestExecutionListener@6e35bc3d, org.springframework.boot.test.autoconfigure.web.client.MockRestServiceServerResetTestExecutionListener@1cdc4c27, org.springframework.boot.test.autoconfigure.web.servlet.MockMvcPrintOnlyOnFailureTestExecutionListener@77b14724, org.springframework.boot.test.autoconfigure.web.servlet.WebDriverTestExecutionListener@5d9b7a8a]
06:18:35.836 [main] DEBUG org.springframework.test.annotation.ProfileValueUtils - Retrieved @ProfileValueSourceConfiguration [null] for test class [bl.bullsandcows.data.BullCowDaoTest]
06:18:35.836 [main] DEBUG org.springframework.test.annotation.ProfileValueUtils - Retrieved ProfileValueSource type [class org.springframework.test.annotation.SystemProfileValueSource] for class [bl.bullsandcows.data.BullCowDaoTest]
06:18:35.844 [main] DEBUG org.springframework.test.context.junit4.SpringJUnit4ClassRunner - SpringJUnit4ClassRunner constructor called with [class bl.bullsandcows.service.BullCowServiceTest]
06:18:35.844 [main] DEBUG org.springframework.test.context.BootstrapUtils - Instantiating CacheAwareContextLoaderDelegate from class [org.springframework.test.context.cache.DefaultCacheAwareContextLoaderDelegate]
06:18:35.844 [main] DEBUG org.springframework.test.context.BootstrapUtils - Instantiating BootstrapContext using constructor [public org.springframework.test.context.support.DefaultBootstrapContext(java.lang.Class,org.springframework.test.context.CacheAwareContextLoaderDelegate)]
06:18:35.844 [main] DEBUG org.springframework.test.context.BootstrapUtils - Instantiating TestContextBootstrapper for test class [bl.bullsandcows.service.BullCowServiceTest] from class [org.springframework.boot.test.context.SpringBootTestContextBootstrapper]
06:18:35.854 [main] INFO org.springframework.boot.test.context.SpringBootTestContextBootstrapper - Neither @ContextConfiguration nor @ContextHierarchy found for test class [bl.bullsandcows.service.BullCowServiceTest], using SpringBootContextLoader
06:18:35.854 [main] DEBUG org.springframework.test.context.support.AbstractContextLoader - Did not detect default resource location for test class [bl.bullsandcows.service.BullCowServiceTest]: class path resource [bl/bullsandcows/service/BullCowServiceTest-context.xml] does not exist
06:18:35.856 [main] DEBUG org.springframework.test.context.support.AbstractContextLoader - Did not detect default resource location for test class [bl.bullsandcows.service.BullCowServiceTest]: class path resource [bl/bullsandcows/service/BullCowServiceTestContext.groovy] does not exist
06:18:35.856 [main] INFO org.springframework.test.context.support.AbstractContextLoader - Could not detect default resource locations for test class [bl.bullsandcows.service.BullCowServiceTest]: no resource found for suffixes {-context.xml, Context.groovy}.
06:18:35.856 [main] INFO org.springframework.test.context.support.AnnotationConfigContextLoaderUtils - Could not detect default configuration classes for test class [bl.bullsandcows.service.BullCowServiceTest]: BullCowServiceTest does not declare any static, non-private, non-final, nested classes annotated with @Configuration.
06:18:35.856 [main] DEBUG org.springframework.test.context.support.ActiveProfilesUtils - Could not find an 'annotation declaring class' for annotation type [org.springframework.test.context.ActiveProfiles] and class [bl.bullsandcows.service.BullCowServiceTest]
06:18:35.866 [main] DEBUG org.springframework.context.annotation.ClassPathScanningCandidateComponentProvider - Identified candidate component class: file [C:\Users\Boone\Desktop\SoftwareGuild\Dev10-Coursework\Week07\BullsAndCows\target\classes\bl\bullsandcows\App.class]
06:18:35.866 [main] INFO org.springframework.boot.test.context.SpringBootTestContextBootstrapper - Found @SpringBootConfiguration bl.bullsandcows.App for test class bl.bullsandcows.service.BullCowServiceTest
06:18:35.876 [main] DEBUG org.springframework.boot.test.context.SpringBootTestContextBootstrapper - @TestExecutionListeners is not present for class [bl.bullsandcows.service.BullCowServiceTest]: using defaults.
06:18:35.876 [main] INFO org.springframework.boot.test.context.SpringBootTestContextBootstrapper - Loaded default TestExecutionListener class names from location [META-INF/spring.factories]: [org.springframework.boot.test.mock.mockito.MockitoTestExecutionListener, org.springframework.boot.test.mock.mockito.ResetMocksTestExecutionListener, org.springframework.boot.test.autoconfigure.restdocs.RestDocsTestExecutionListener, org.springframework.boot.test.autoconfigure.web.client.MockRestServiceServerResetTestExecutionListener, org.springframework.boot.test.autoconfigure.web.servlet.MockMvcPrintOnlyOnFailureTestExecutionListener, org.springframework.boot.test.autoconfigure.web.servlet.WebDriverTestExecutionListener, org.springframework.test.context.web.ServletTestExecutionListener, org.springframework.test.context.support.DirtiesContextBeforeModesTestExecutionListener, org.springframework.test.context.support.DependencyInjectionTestExecutionListener, org.springframework.test.context.support.DirtiesContextTestExecutionListener, org.springframework.test.context.transaction.TransactionalTestExecutionListener, org.springframework.test.context.jdbc.SqlScriptsTestExecutionListener, org.springframework.test.context.event.EventPublishingTestExecutionListener]
06:18:35.876 [main] INFO org.springframework.boot.test.context.SpringBootTestContextBootstrapper - Using TestExecutionListeners: [org.springframework.test.context.web.ServletTestExecutionListener@62e20a76, org.springframework.test.context.support.DirtiesContextBeforeModesTestExecutionListener@2cc44ad, org.springframework.boot.test.mock.mockito.MockitoTestExecutionListener@44b3606b, org.springframework.boot.test.autoconfigure.SpringBootDependencyInjectionTestExecutionListener@1477089c, org.springframework.test.context.support.DirtiesContextTestExecutionListener@663411de, org.springframework.test.context.transaction.TransactionalTestExecutionListener@63dd899, org.springframework.test.context.jdbc.SqlScriptsTestExecutionListener@59d2400d, org.springframework.test.context.event.EventPublishingTestExecutionListener@75cd8043, org.springframework.boot.test.mock.mockito.ResetMocksTestExecutionListener@33b1c5c5, org.springframework.boot.test.autoconfigure.restdocs.RestDocsTestExecutionListener@5b202a3a, org.springframework.boot.test.autoconfigure.web.client.MockRestServiceServerResetTestExecutionListener@10b9db7b, org.springframework.boot.test.autoconfigure.web.servlet.MockMvcPrintOnlyOnFailureTestExecutionListener@9ef8eb7, org.springframework.boot.test.autoconfigure.web.servlet.WebDriverTestExecutionListener@34cdeda2]
06:18:35.876 [main] DEBUG org.springframework.test.annotation.ProfileValueUtils - Retrieved @ProfileValueSourceConfiguration [null] for test class [bl.bullsandcows.service.BullCowServiceTest]
06:18:35.876 [main] DEBUG org.springframework.test.annotation.ProfileValueUtils - Retrieved ProfileValueSource type [class org.springframework.test.annotation.SystemProfileValueSource] for class [bl.bullsandcows.service.BullCowServiceTest]
06:18:35.886 [main] DEBUG org.springframework.test.context.junit4.SpringJUnit4ClassRunner - SpringJUnit4ClassRunner constructor called with [class bl.bullsandcows.data.BullCowDaoImplDBTest]
06:18:35.886 [main] DEBUG org.springframework.test.context.BootstrapUtils - Instantiating CacheAwareContextLoaderDelegate from class [org.springframework.test.context.cache.DefaultCacheAwareContextLoaderDelegate]
06:18:35.886 [main] DEBUG org.springframework.test.context.BootstrapUtils - Instantiating BootstrapContext using constructor [public org.springframework.test.context.support.DefaultBootstrapContext(java.lang.Class,org.springframework.test.context.CacheAwareContextLoaderDelegate)]
06:18:35.886 [main] DEBUG org.springframework.test.context.BootstrapUtils - Instantiating TestContextBootstrapper for test class [bl.bullsandcows.data.BullCowDaoImplDBTest] from class [org.springframework.boot.test.context.SpringBootTestContextBootstrapper]
06:18:35.886 [main] INFO org.springframework.boot.test.context.SpringBootTestContextBootstrapper - Neither @ContextConfiguration nor @ContextHierarchy found for test class [bl.bullsandcows.data.BullCowDaoImplDBTest], using SpringBootContextLoader
06:18:35.886 [main] DEBUG org.springframework.test.context.support.AbstractContextLoader - Did not detect default resource location for test class [bl.bullsandcows.data.BullCowDaoImplDBTest]: class path resource [bl/bullsandcows/data/BullCowDaoImplDBTest-context.xml] does not exist
06:18:35.886 [main] DEBUG org.springframework.test.context.support.AbstractContextLoader - Did not detect default resource location for test class [bl.bullsandcows.data.BullCowDaoImplDBTest]: class path resource [bl/bullsandcows/data/BullCowDaoImplDBTestContext.groovy] does not exist
06:18:35.886 [main] INFO org.springframework.test.context.support.AbstractContextLoader - Could not detect default resource locations for test class [bl.bullsandcows.data.BullCowDaoImplDBTest]: no resource found for suffixes {-context.xml, Context.groovy}.
06:18:35.886 [main] INFO org.springframework.test.context.support.AnnotationConfigContextLoaderUtils - Could not detect default configuration classes for test class [bl.bullsandcows.data.BullCowDaoImplDBTest]: BullCowDaoImplDBTest does not declare any static, non-private, non-final, nested classes annotated with @Configuration.
06:18:35.896 [main] DEBUG org.springframework.test.context.support.ActiveProfilesUtils - Could not find an 'annotation declaring class' for annotation type [org.springframework.test.context.ActiveProfiles] and class [bl.bullsandcows.data.BullCowDaoImplDBTest]
06:18:35.896 [main] INFO org.springframework.boot.test.context.SpringBootTestContextBootstrapper - Found @SpringBootConfiguration bl.bullsandcows.App for test class bl.bullsandcows.data.BullCowDaoImplDBTest
06:18:35.896 [main] DEBUG org.springframework.boot.test.context.SpringBootTestContextBootstrapper - @TestExecutionListeners is not present for class [bl.bullsandcows.data.BullCowDaoImplDBTest]: using defaults.
06:18:35.896 [main] INFO org.springframework.boot.test.context.SpringBootTestContextBootstrapper - Loaded default TestExecutionListener class names from location [META-INF/spring.factories]: [org.springframework.boot.test.mock.mockito.MockitoTestExecutionListener, org.springframework.boot.test.mock.mockito.ResetMocksTestExecutionListener, org.springframework.boot.test.autoconfigure.restdocs.RestDocsTestExecutionListener, org.springframework.boot.test.autoconfigure.web.client.MockRestServiceServerResetTestExecutionListener, org.springframework.boot.test.autoconfigure.web.servlet.MockMvcPrintOnlyOnFailureTestExecutionListener, org.springframework.boot.test.autoconfigure.web.servlet.WebDriverTestExecutionListener, org.springframework.test.context.web.ServletTestExecutionListener, org.springframework.test.context.support.DirtiesContextBeforeModesTestExecutionListener, org.springframework.test.context.support.DependencyInjectionTestExecutionListener, org.springframework.test.context.support.DirtiesContextTestExecutionListener, org.springframework.test.context.transaction.TransactionalTestExecutionListener, org.springframework.test.context.jdbc.SqlScriptsTestExecutionListener, org.springframework.test.context.event.EventPublishingTestExecutionListener]
06:18:35.904 [main] INFO org.springframework.boot.test.context.SpringBootTestContextBootstrapper - Using TestExecutionListeners: [org.springframework.test.context.web.ServletTestExecutionListener@301ec38b, org.springframework.test.context.support.DirtiesContextBeforeModesTestExecutionListener@17a1e4ca, org.springframework.boot.test.mock.mockito.MockitoTestExecutionListener@10ded6a9, org.springframework.boot.test.autoconfigure.SpringBootDependencyInjectionTestExecutionListener@c5dc4a2, org.springframework.test.context.support.DirtiesContextTestExecutionListener@4a194c39, org.springframework.test.context.transaction.TransactionalTestExecutionListener@52066604, org.springframework.test.context.jdbc.SqlScriptsTestExecutionListener@340b9973, org.springframework.test.context.event.EventPublishingTestExecutionListener@56113384, org.springframework.boot.test.mock.mockito.ResetMocksTestExecutionListener@5669c5fb, org.springframework.boot.test.autoconfigure.restdocs.RestDocsTestExecutionListener@373ebf74, org.springframework.boot.test.autoconfigure.web.client.MockRestServiceServerResetTestExecutionListener@5f9678e1, org.springframework.boot.test.autoconfigure.web.servlet.MockMvcPrintOnlyOnFailureTestExecutionListener@c4ed84, org.springframework.boot.test.autoconfigure.web.servlet.WebDriverTestExecutionListener@189aa67a]
06:18:35.904 [main] DEBUG org.springframework.test.annotation.ProfileValueUtils - Retrieved @ProfileValueSourceConfiguration [null] for test class [bl.bullsandcows.data.BullCowDaoImplDBTest]
06:18:35.904 [main] DEBUG org.springframework.test.annotation.ProfileValueUtils - Retrieved ProfileValueSource type [class org.springframework.test.annotation.SystemProfileValueSource] for class [bl.bullsandcows.data.BullCowDaoImplDBTest]
06:18:35.906 [main] DEBUG org.springframework.test.context.junit4.SpringJUnit4ClassRunner - SpringJUnit4ClassRunner constructor called with [class bl.bullsandcows.data.BullCowDaoTest]
06:18:35.906 [main] DEBUG org.springframework.test.context.BootstrapUtils - Instantiating CacheAwareContextLoaderDelegate from class [org.springframework.test.context.cache.DefaultCacheAwareContextLoaderDelegate]
06:18:35.906 [main] DEBUG org.springframework.test.context.BootstrapUtils - Instantiating BootstrapContext using constructor [public org.springframework.test.context.support.DefaultBootstrapContext(java.lang.Class,org.springframework.test.context.CacheAwareContextLoaderDelegate)]
06:18:35.906 [main] DEBUG org.springframework.test.context.BootstrapUtils - Instantiating TestContextBootstrapper for test class [bl.bullsandcows.data.BullCowDaoTest] from class [org.springframework.boot.test.context.SpringBootTestContextBootstrapper]
06:18:35.906 [main] INFO org.springframework.boot.test.context.SpringBootTestContextBootstrapper - Neither @ContextConfiguration nor @ContextHierarchy found for test class [bl.bullsandcows.data.BullCowDaoTest], using SpringBootContextLoader
06:18:35.906 [main] DEBUG org.springframework.test.context.support.AbstractContextLoader - Did not detect default resource location for test class [bl.bullsandcows.data.BullCowDaoTest]: class path resource [bl/bullsandcows/data/BullCowDaoTest-context.xml] does not exist
06:18:35.914 [main] DEBUG org.springframework.test.context.support.AbstractContextLoader - Did not detect default resource location for test class [bl.bullsandcows.data.BullCowDaoTest]: class path resource [bl/bullsandcows/data/BullCowDaoTestContext.groovy] does not exist
06:18:35.914 [main] INFO org.springframework.test.context.support.AbstractContextLoader - Could not detect default resource locations for test class [bl.bullsandcows.data.BullCowDaoTest]: no resource found for suffixes {-context.xml, Context.groovy}.
06:18:35.914 [main] INFO org.springframework.test.context.support.AnnotationConfigContextLoaderUtils - Could not detect default configuration classes for test class [bl.bullsandcows.data.BullCowDaoTest]: BullCowDaoTest does not declare any static, non-private, non-final, nested classes annotated with @Configuration.
06:18:35.916 [main] DEBUG org.springframework.test.context.support.ActiveProfilesUtils - Could not find an 'annotation declaring class' for annotation type [org.springframework.test.context.ActiveProfiles] and class [bl.bullsandcows.data.BullCowDaoTest]
06:18:35.916 [main] INFO org.springframework.boot.test.context.SpringBootTestContextBootstrapper - Found @SpringBootConfiguration bl.bullsandcows.App for test class bl.bullsandcows.data.BullCowDaoTest
06:18:35.924 [main] DEBUG org.springframework.boot.test.context.SpringBootTestContextBootstrapper - @TestExecutionListeners is not present for class [bl.bullsandcows.data.BullCowDaoTest]: using defaults.
06:18:35.924 [main] INFO org.springframework.boot.test.context.SpringBootTestContextBootstrapper - Loaded default TestExecutionListener class names from location [META-INF/spring.factories]: [org.springframework.boot.test.mock.mockito.MockitoTestExecutionListener, org.springframework.boot.test.mock.mockito.ResetMocksTestExecutionListener, org.springframework.boot.test.autoconfigure.restdocs.RestDocsTestExecutionListener, org.springframework.boot.test.autoconfigure.web.client.MockRestServiceServerResetTestExecutionListener, org.springframework.boot.test.autoconfigure.web.servlet.MockMvcPrintOnlyOnFailureTestExecutionListener, org.springframework.boot.test.autoconfigure.web.servlet.WebDriverTestExecutionListener, org.springframework.test.context.web.ServletTestExecutionListener, org.springframework.test.context.support.DirtiesContextBeforeModesTestExecutionListener, org.springframework.test.context.support.DependencyInjectionTestExecutionListener, org.springframework.test.context.support.DirtiesContextTestExecutionListener, org.springframework.test.context.transaction.TransactionalTestExecutionListener, org.springframework.test.context.jdbc.SqlScriptsTestExecutionListener, org.springframework.test.context.event.EventPublishingTestExecutionListener]
06:18:35.926 [main] INFO org.springframework.boot.test.context.SpringBootTestContextBootstrapper - Using TestExecutionListeners: [org.springframework.test.context.web.ServletTestExecutionListener@362045c0, org.springframework.test.context.support.DirtiesContextBeforeModesTestExecutionListener@112f364d, org.springframework.boot.test.mock.mockito.MockitoTestExecutionListener@5ccbeb64, org.springframework.boot.test.autoconfigure.SpringBootDependencyInjectionTestExecutionListener@6d9f7a80, org.springframework.test.context.support.DirtiesContextTestExecutionListener@59252cb6, org.springframework.test.context.transaction.TransactionalTestExecutionListener@31d0e481, org.springframework.test.context.jdbc.SqlScriptsTestExecutionListener@3243b914, org.springframework.test.context.event.EventPublishingTestExecutionListener@241e8ea6, org.springframework.boot.test.mock.mockito.ResetMocksTestExecutionListener@542e560f, org.springframework.boot.test.autoconfigure.restdocs.RestDocsTestExecutionListener@626c44e7, org.springframework.boot.test.autoconfigure.web.client.MockRestServiceServerResetTestExecutionListener@4dc8caa7, org.springframework.boot.test.autoconfigure.web.servlet.MockMvcPrintOnlyOnFailureTestExecutionListener@1d730606, org.springframework.boot.test.autoconfigure.web.servlet.WebDriverTestExecutionListener@3bcbb589]
06:18:35.926 [main] DEBUG org.springframework.test.annotation.ProfileValueUtils - Retrieved @ProfileValueSourceConfiguration [null] for test class [bl.bullsandcows.data.BullCowDaoTest]
06:18:35.926 [main] DEBUG org.springframework.test.annotation.ProfileValueUtils - Retrieved ProfileValueSource type [class org.springframework.test.annotation.SystemProfileValueSource] for class [bl.bullsandcows.data.BullCowDaoTest]
06:18:35.926 [main] DEBUG org.springframework.test.context.junit4.SpringJUnit4ClassRunner - SpringJUnit4ClassRunner constructor called with [class bl.bullsandcows.service.BullCowServiceTest]
06:18:35.926 [main] DEBUG org.springframework.test.context.BootstrapUtils - Instantiating CacheAwareContextLoaderDelegate from class [org.springframework.test.context.cache.DefaultCacheAwareContextLoaderDelegate]
06:18:35.926 [main] DEBUG org.springframework.test.context.BootstrapUtils - Instantiating BootstrapContext using constructor [public org.springframework.test.context.support.DefaultBootstrapContext(java.lang.Class,org.springframework.test.context.CacheAwareContextLoaderDelegate)]
06:18:35.926 [main] DEBUG org.springframework.test.context.BootstrapUtils - Instantiating TestContextBootstrapper for test class [bl.bullsandcows.service.BullCowServiceTest] from class [org.springframework.boot.test.context.SpringBootTestContextBootstrapper]
06:18:35.926 [main] INFO org.springframework.boot.test.context.SpringBootTestContextBootstrapper - Neither @ContextConfiguration nor @ContextHierarchy found for test class [bl.bullsandcows.service.BullCowServiceTest], using SpringBootContextLoader
06:18:35.926 [main] DEBUG org.springframework.test.context.support.AbstractContextLoader - Did not detect default resource location for test class [bl.bullsandcows.service.BullCowServiceTest]: class path resource [bl/bullsandcows/service/BullCowServiceTest-context.xml] does not exist
06:18:35.926 [main] DEBUG org.springframework.test.context.support.AbstractContextLoader - Did not detect default resource location for test class [bl.bullsandcows.service.BullCowServiceTest]: class path resource [bl/bullsandcows/service/BullCowServiceTestContext.groovy] does not exist
06:18:35.926 [main] INFO org.springframework.test.context.support.AbstractContextLoader - Could not detect default resource locations for test class [bl.bullsandcows.service.BullCowServiceTest]: no resource found for suffixes {-context.xml, Context.groovy}.
06:18:35.926 [main] INFO org.springframework.test.context.support.AnnotationConfigContextLoaderUtils - Could not detect default configuration classes for test class [bl.bullsandcows.service.BullCowServiceTest]: BullCowServiceTest does not declare any static, non-private, non-final, nested classes annotated with @Configuration.
06:18:35.936 [main] DEBUG org.springframework.test.context.support.ActiveProfilesUtils - Could not find an 'annotation declaring class' for annotation type [org.springframework.test.context.ActiveProfiles] and class [bl.bullsandcows.service.BullCowServiceTest]
06:18:35.936 [main] INFO org.springframework.boot.test.context.SpringBootTestContextBootstrapper - Found @SpringBootConfiguration bl.bullsandcows.App for test class bl.bullsandcows.service.BullCowServiceTest
06:18:35.936 [main] DEBUG org.springframework.boot.test.context.SpringBootTestContextBootstrapper - @TestExecutionListeners is not present for class [bl.bullsandcows.service.BullCowServiceTest]: using defaults.
06:18:35.936 [main] INFO org.springframework.boot.test.context.SpringBootTestContextBootstrapper - Loaded default TestExecutionListener class names from location [META-INF/spring.factories]: [org.springframework.boot.test.mock.mockito.MockitoTestExecutionListener, org.springframework.boot.test.mock.mockito.ResetMocksTestExecutionListener, org.springframework.boot.test.autoconfigure.restdocs.RestDocsTestExecutionListener, org.springframework.boot.test.autoconfigure.web.client.MockRestServiceServerResetTestExecutionListener, org.springframework.boot.test.autoconfigure.web.servlet.MockMvcPrintOnlyOnFailureTestExecutionListener, org.springframework.boot.test.autoconfigure.web.servlet.WebDriverTestExecutionListener, org.springframework.test.context.web.ServletTestExecutionListener, org.springframework.test.context.support.DirtiesContextBeforeModesTestExecutionListener, org.springframework.test.context.support.DependencyInjectionTestExecutionListener, org.springframework.test.context.support.DirtiesContextTestExecutionListener, org.springframework.test.context.transaction.TransactionalTestExecutionListener, org.springframework.test.context.jdbc.SqlScriptsTestExecutionListener, org.springframework.test.context.event.EventPublishingTestExecutionListener]
06:18:35.936 [main] INFO org.springframework.boot.test.context.SpringBootTestContextBootstrapper - Using TestExecutionListeners: [org.springframework.test.context.web.ServletTestExecutionListener@35d08e6c, org.springframework.test.context.support.DirtiesContextBeforeModesTestExecutionListener@53d102a2, org.springframework.boot.test.mock.mockito.MockitoTestExecutionListener@6c45ee6e, org.springframework.boot.test.autoconfigure.SpringBootDependencyInjectionTestExecutionListener@6b3e12b5, org.springframework.test.context.support.DirtiesContextTestExecutionListener@5aac4250, org.springframework.test.context.transaction.TransactionalTestExecutionListener@1338fb5, org.springframework.test.context.jdbc.SqlScriptsTestExecutionListener@42463763, org.springframework.test.context.event.EventPublishingTestExecutionListener@59f63e24, org.springframework.boot.test.mock.mockito.ResetMocksTestExecutionListener@61f05988, org.springframework.boot.test.autoconfigure.restdocs.RestDocsTestExecutionListener@7ca33c24, org.springframework.boot.test.autoconfigure.web.client.MockRestServiceServerResetTestExecutionListener@fade1fc, org.springframework.boot.test.autoconfigure.web.servlet.MockMvcPrintOnlyOnFailureTestExecutionListener@67c2e933, org.springframework.boot.test.autoconfigure.web.servlet.WebDriverTestExecutionListener@41dd05a]
06:18:35.936 [main] DEBUG org.springframework.test.annotation.ProfileValueUtils - Retrieved @ProfileValueSourceConfiguration [null] for test class [bl.bullsandcows.service.BullCowServiceTest]
06:18:35.936 [main] DEBUG org.springframework.test.annotation.ProfileValueUtils - Retrieved ProfileValueSource type [class org.springframework.test.annotation.SystemProfileValueSource] for class [bl.bullsandcows.service.BullCowServiceTest]
06:18:36.067 [main] DEBUG org.springframework.test.annotation.ProfileValueUtils - Retrieved @ProfileValueSourceConfiguration [null] for test class [bl.bullsandcows.data.BullCowDaoImplDBTest]
06:18:36.067 [main] DEBUG org.springframework.test.annotation.ProfileValueUtils - Retrieved ProfileValueSource type [class org.springframework.test.annotation.SystemProfileValueSource] for class [bl.bullsandcows.data.BullCowDaoImplDBTest]
06:18:36.067 [main] DEBUG org.springframework.test.annotation.ProfileValueUtils - Retrieved @ProfileValueSourceConfiguration [null] for test class [bl.bullsandcows.data.BullCowDaoImplDBTest]
06:18:36.067 [main] DEBUG org.springframework.test.annotation.ProfileValueUtils - Retrieved ProfileValueSource type [class org.springframework.test.annotation.SystemProfileValueSource] for class [bl.bullsandcows.data.BullCowDaoImplDBTest]
06:18:36.067 [main] DEBUG org.springframework.test.annotation.ProfileValueUtils - Retrieved @ProfileValueSourceConfiguration [null] for test class [bl.bullsandcows.data.BullCowDaoImplDBTest]
06:18:36.067 [main] DEBUG org.springframework.test.annotation.ProfileValueUtils - Retrieved ProfileValueSource type [class org.springframework.test.annotation.SystemProfileValueSource] for class [bl.bullsandcows.data.BullCowDaoImplDBTest]
06:18:36.083 [main] DEBUG org.springframework.test.context.support.AbstractDirtiesContextTestExecutionListener - Before test class: context [DefaultTestContext@1021f6c9 testClass = BullCowDaoImplDBTest, testInstance = [null], testMethod = [null], testException = [null], mergedContextConfiguration = [WebMergedContextConfiguration@7516e4e5 testClass = BullCowDaoImplDBTest, locations = '{}', classes = '{class bl.bullsandcows.App}', contextInitializerClasses = '[]', activeProfiles = '{}', propertySourceLocations = '{}', propertySourceProperties = '{org.springframework.boot.test.context.SpringBootTestContextBootstrapper=true}', contextCustomizers = set[org.springframework.boot.test.context.filter.ExcludeFilterContextCustomizer@4082ba93, org.springframework.boot.test.json.DuplicateJsonObjectContextCustomizerFactory$DuplicateJsonObjectContextCustomizer@609e8838, org.springframework.boot.test.mock.mockito.MockitoContextCustomizer@0, org.springframework.boot.test.web.client.TestRestTemplateContextCustomizer@312aa7c, org.springframework.boot.test.autoconfigure.properties.PropertyMappingContextCustomizer@0, org.springframework.boot.test.autoconfigure.web.servlet.WebDriverContextCustomizerFactory$Customizer@55cb6996], resourceBasePath = 'src/main/webapp', contextLoader = 'org.springframework.boot.test.context.SpringBootContextLoader', parent = [null]], attributes = map['org.springframework.test.context.web.ServletTestExecutionListener.activateListener' -> true]], class annotated with @DirtiesContext [false] with mode [null].
06:18:36.107 [main] DEBUG org.springframework.test.annotation.ProfileValueUtils - Retrieved @ProfileValueSourceConfiguration [null] for test class [bl.bullsandcows.data.BullCowDaoImplDBTest]
06:18:36.107 [main] DEBUG org.springframework.test.annotation.ProfileValueUtils - Retrieved ProfileValueSource type [class org.springframework.test.annotation.SystemProfileValueSource] for class [bl.bullsandcows.data.BullCowDaoImplDBTest]
06:18:36.147 [main] DEBUG org.springframework.test.context.support.TestPropertySourceUtils - Adding inlined properties to environment: {spring.jmx.enabled=false, org.springframework.boot.test.context.SpringBootTestContextBootstrapper=true, server.port=-1}

  .   ____          _            __ _ _
 /\\ / ___'_ __ _ _(_)_ __  __ _ \ \ \ \
( ( )\___ | '_ | '_| | '_ \/ _` | \ \ \ \
 \\/  ___)| |_)| | | | | || (_| |  ) ) ) )
  '  |____| .__|_| |_|_| |_\__, | / / / /
 =========|_|==============|___/=/_/_/_/
 :: Spring Boot ::        (v2.2.2.RELEASE)

2020-01-19 06:18:36.690  INFO 9904 --- [           main] b.b.data.BullCowDaoImplDBTest            : Starting BullCowDaoImplDBTest on DESKTOP-QPQSRPP with PID 9904 (started by Boone in C:\Users\Boone\Desktop\SoftwareGuild\Dev10-Coursework\Week07\BullsAndCows)
2020-01-19 06:18:36.690  INFO 9904 --- [           main] b.b.data.BullCowDaoImplDBTest            : The following profiles are active: database
2020-01-19 06:18:39.378  INFO 9904 --- [           main] o.s.s.concurrent.ThreadPoolTaskExecutor  : Initializing ExecutorService 'applicationTaskExecutor'
2020-01-19 06:18:39.800  INFO 9904 --- [           main] b.b.data.BullCowDaoImplDBTest            : Started BullCowDaoImplDBTest in 3.638 seconds (JVM running for 5.678)
2020-01-19 06:18:40.431  INFO 9904 --- [           main] com.zaxxer.hikari.HikariDataSource       : HikariPool-1 - Starting...
2020-01-19 06:18:40.794  INFO 9904 --- [           main] com.zaxxer.hikari.HikariDataSource       : HikariPool-1 - Start completed.
]]></system-out>
  </testcase>
  <testcase name="testUpdateGame" classname="bl.bullsandcows.data.BullCowDaoImplDBTest" time="0.06">
    <error type="java.lang.NullPointerException">java.lang.NullPointerException
	at bl.bullsandcows.data.BullCowDaoImplDBTest.testUpdateGame(BullCowDaoImplDBTest.java:111)
</error>
  </testcase>
  <testcase name="testDeleteGameById" classname="bl.bullsandcows.data.BullCowDaoImplDBTest" time="0.051">
    <failure type="java.lang.AssertionError">java.lang.AssertionError
	at bl.bullsandcows.data.BullCowDaoImplDBTest.testDeleteGameById(BullCowDaoImplDBTest.java:173)
</failure>
  </testcase>
  <testcase name="testDeleteRoundByGameId" classname="bl.bullsandcows.data.BullCowDaoImplDBTest" time="0.221">
    <error message="PreparedStatementCallback; SQL [INSERT INTO allRounds (TimeOfGuess, RoundResults, Guess, GameID) VALUES (?, ?, ?, ?);]; Cannot add or update a child row: a foreign key constraint fails (`bullsandcowstestdb`.`allrounds`, CONSTRAINT `allrounds_ibfk_1` FOREIGN KEY (`GameID`) REFERENCES `games` (`GameID`)); nested exception is java.sql.SQLIntegrityConstraintViolationException: Cannot add or update a child row: a foreign key constraint fails (`bullsandcowstestdb`.`allrounds`, CONSTRAINT `allrounds_ibfk_1` FOREIGN KEY (`GameID`) REFERENCES `games` (`GameID`))" type="org.springframework.dao.DataIntegrityViolationException">org.springframework.dao.DataIntegrityViolationException: PreparedStatementCallback; SQL [INSERT INTO allRounds (TimeOfGuess, RoundResults, Guess, GameID) VALUES (?, ?, ?, ?);]; Cannot add or update a child row: a foreign key constraint fails (`bullsandcowstestdb`.`allrounds`, CONSTRAINT `allrounds_ibfk_1` FOREIGN KEY (`GameID`) REFERENCES `games` (`GameID`)); nested exception is java.sql.SQLIntegrityConstraintViolationException: Cannot add or update a child row: a foreign key constraint fails (`bullsandcowstestdb`.`allrounds`, CONSTRAINT `allrounds_ibfk_1` FOREIGN KEY (`GameID`) REFERENCES `games` (`GameID`))
	at bl.bullsandcows.data.BullCowDaoImplDBTest.testDeleteRoundByGameId(BullCowDaoImplDBTest.java:193)
Caused by: java.sql.SQLIntegrityConstraintViolationException: Cannot add or update a child row: a foreign key constraint fails (`bullsandcowstestdb`.`allrounds`, CONSTRAINT `allrounds_ibfk_1` FOREIGN KEY (`GameID`) REFERENCES `games` (`GameID`))
	at bl.bullsandcows.data.BullCowDaoImplDBTest.testDeleteRoundByGameId(BullCowDaoImplDBTest.java:193)
</error>
  </testcase>
  <testcase name="testAddGameANDgetGameByID" classname="bl.bullsandcows.data.BullCowDaoImplDBTest" time="0.02">
    <failure message="expected:&lt;bl.bullsandcows.models.BullCowGameObject@8ffe768&gt; but was:&lt;null&gt;" type="java.lang.AssertionError"><![CDATA[java.lang.AssertionError: expected:<bl.bullsandcows.models.BullCowGameObject@8ffe768> but was:<null>
	at bl.bullsandcows.data.BullCowDaoImplDBTest.testAddGameANDgetGameByID(BullCowDaoImplDBTest.java:75)
]]></failure>
  </testcase>
  <testcase name="testAddRoundANDGetAllRoundsByGameID" classname="bl.bullsandcows.data.BullCowDaoImplDBTest" time="0.02">
    <error message="PreparedStatementCallback; SQL [INSERT INTO allRounds (TimeOfGuess, RoundResults, Guess, GameID) VALUES (?, ?, ?, ?);]; Cannot add or update a child row: a foreign key constraint fails (`bullsandcowstestdb`.`allrounds`, CONSTRAINT `allrounds_ibfk_1` FOREIGN KEY (`GameID`) REFERENCES `games` (`GameID`)); nested exception is java.sql.SQLIntegrityConstraintViolationException: Cannot add or update a child row: a foreign key constraint fails (`bullsandcowstestdb`.`allrounds`, CONSTRAINT `allrounds_ibfk_1` FOREIGN KEY (`GameID`) REFERENCES `games` (`GameID`))" type="org.springframework.dao.DataIntegrityViolationException">org.springframework.dao.DataIntegrityViolationException: PreparedStatementCallback; SQL [INSERT INTO allRounds (TimeOfGuess, RoundResults, Guess, GameID) VALUES (?, ?, ?, ?);]; Cannot add or update a child row: a foreign key constraint fails (`bullsandcowstestdb`.`allrounds`, CONSTRAINT `allrounds_ibfk_1` FOREIGN KEY (`GameID`) REFERENCES `games` (`GameID`)); nested exception is java.sql.SQLIntegrityConstraintViolationException: Cannot add or update a child row: a foreign key constraint fails (`bullsandcowstestdb`.`allrounds`, CONSTRAINT `allrounds_ibfk_1` FOREIGN KEY (`GameID`) REFERENCES `games` (`GameID`))
	at bl.bullsandcows.data.BullCowDaoImplDBTest.testAddRoundANDGetAllRoundsByGameID(BullCowDaoImplDBTest.java:127)
Caused by: java.sql.SQLIntegrityConstraintViolationException: Cannot add or update a child row: a foreign key constraint fails (`bullsandcowstestdb`.`allrounds`, CONSTRAINT `allrounds_ibfk_1` FOREIGN KEY (`GameID`) REFERENCES `games` (`GameID`))
	at bl.bullsandcows.data.BullCowDaoImplDBTest.testAddRoundANDGetAllRoundsByGameID(BullCowDaoImplDBTest.java:127)
</error>
  </testcase>
</testsuite>