-------------------------------------------------------------------------------
Test set: bl.bullsandcowssummative.data.BullCowDaoImplDBTest
-------------------------------------------------------------------------------
Tests run: 6, Failures: 3, Errors: 3, Skipped: 0, Time elapsed: 4.819 s <<< FAILURE! - in bl.bullsandcowssummative.data.BullCowDaoImplDBTest
testGetAllGames  Time elapsed: 0.905 s  <<< FAILURE!
java.lang.AssertionError
	at bl.bullsandcowssummative.data.BullCowDaoImplDBTest.testGetAllGames(BullCowDaoImplDBTest.java:95)

testUpdateGame  Time elapsed: 0.062 s  <<< ERROR!
java.lang.NullPointerException
	at bl.bullsandcowssummative.data.BullCowDaoImplDBTest.testUpdateGame(BullCowDaoImplDBTest.java:111)

testDeleteGameById  Time elapsed: 0.031 s  <<< FAILURE!
java.lang.AssertionError
	at bl.bullsandcowssummative.data.BullCowDaoImplDBTest.testDeleteGameById(BullCowDaoImplDBTest.java:173)

testDeleteRoundByGameId  Time elapsed: 0.204 s  <<< ERROR!
org.springframework.dao.DataIntegrityViolationException: PreparedStatementCallback; SQL [INSERT INTO allRounds (TimeOfGuess, RoundResults, Guess, GameID) VALUES (?, ?, ?, ?);]; Cannot add or update a child row: a foreign key constraint fails (`bullsandcowstestdb`.`allrounds`, CONSTRAINT `allrounds_ibfk_1` FOREIGN KEY (`GameID`) REFERENCES `games` (`GameID`)); nested exception is java.sql.SQLIntegrityConstraintViolationException: Cannot add or update a child row: a foreign key constraint fails (`bullsandcowstestdb`.`allrounds`, CONSTRAINT `allrounds_ibfk_1` FOREIGN KEY (`GameID`) REFERENCES `games` (`GameID`))
	at bl.bullsandcowssummative.data.BullCowDaoImplDBTest.testDeleteRoundByGameId(BullCowDaoImplDBTest.java:193)
Caused by: java.sql.SQLIntegrityConstraintViolationException: Cannot add or update a child row: a foreign key constraint fails (`bullsandcowstestdb`.`allrounds`, CONSTRAINT `allrounds_ibfk_1` FOREIGN KEY (`GameID`) REFERENCES `games` (`GameID`))
	at bl.bullsandcowssummative.data.BullCowDaoImplDBTest.testDeleteRoundByGameId(BullCowDaoImplDBTest.java:193)

testAddGameANDgetGameByID  Time elapsed: 0.015 s  <<< FAILURE!
java.lang.AssertionError: expected:<bl.bullsandcowssummative.models.BullCowGameObject@8ffe768> but was:<null>
	at bl.bullsandcowssummative.data.BullCowDaoImplDBTest.testAddGameANDgetGameByID(BullCowDaoImplDBTest.java:75)

testAddRoundANDGetAllRoundsByGameID  Time elapsed: 0.016 s  <<< ERROR!
org.springframework.dao.DataIntegrityViolationException: PreparedStatementCallback; SQL [INSERT INTO allRounds (TimeOfGuess, RoundResults, Guess, GameID) VALUES (?, ?, ?, ?);]; Cannot add or update a child row: a foreign key constraint fails (`bullsandcowstestdb`.`allrounds`, CONSTRAINT `allrounds_ibfk_1` FOREIGN KEY (`GameID`) REFERENCES `games` (`GameID`)); nested exception is java.sql.SQLIntegrityConstraintViolationException: Cannot add or update a child row: a foreign key constraint fails (`bullsandcowstestdb`.`allrounds`, CONSTRAINT `allrounds_ibfk_1` FOREIGN KEY (`GameID`) REFERENCES `games` (`GameID`))
	at bl.bullsandcowssummative.data.BullCowDaoImplDBTest.testAddRoundANDGetAllRoundsByGameID(BullCowDaoImplDBTest.java:127)
Caused by: java.sql.SQLIntegrityConstraintViolationException: Cannot add or update a child row: a foreign key constraint fails (`bullsandcowstestdb`.`allrounds`, CONSTRAINT `allrounds_ibfk_1` FOREIGN KEY (`GameID`) REFERENCES `games` (`GameID`))
	at bl.bullsandcowssummative.data.BullCowDaoImplDBTest.testAddRoundANDGetAllRoundsByGameID(BullCowDaoImplDBTest.java:127)

