<?xml version="1.0" encoding="UTF-8"?>
<testsuite xmlns:xsi="http://www.w3.org/2001/XMLSchema-instance" xsi:noNamespaceSchemaLocation="https://maven.apache.org/surefire/maven-surefire-plugin/xsd/surefire-test-report.xsd" name="bl.bullsandcowssummative.data.BullCowDaoImplDBTest" time="4.819" tests="6" errors="3" skipped="0" failures="3">
  <properties>
[...]
</properties>
  <testcase name="testGetAllGames" classname="bl.bullsandcowssummative.data.BullCowDaoImplDBTest" time="0.905">
    <failure type="java.lang.AssertionError">java.lang.AssertionError
	at bl.bullsandcowssummative.data.BullCowDaoImplDBTest.testGetAllGames(BullCowDaoImplDBTest.java:95)
</failure>
    <system-out><![CDATA[06:58:43.900 [main] DEBUG org.springframework.test.context.junit4.SpringJUnit4ClassRunner - SpringJUnit4ClassRunner constructor called with [class bl.bullsandcowssummative.data.BullCowDaoImplDBTest]
06:58:43.915 [main] DEBUG org.springframework.test.context.BootstrapUtils - Instantiating CacheAwareContextLoaderDelegate from class [org.springframework.test.context.cache.DefaultCacheAwareContextLoaderDelegate]
06:58:43.915 [main] DEBUG org.springframework.test.context.BootstrapUtils - Instantiating BootstrapContext using constructor [public org.springframework.test.context.support.DefaultBootstrapContext(java.lang.Class,org.springframework.test.context.CacheAwareContextLoaderDelegate)]
06:58:43.978 [main] DEBUG org.springframework.test.context.BootstrapUtils - Instantiating TestContextBootstrapper for test class [bl.bullsandcowssummative.data.BullCowDaoImplDBTest] from class [org.springframework.boot.test.context.SpringBootTestContextBootstrapper]
06:58:43.993 [main] INFO org.springframework.boot.test.context.SpringBootTestContextBootstrapper - Neither @ContextConfiguration nor @ContextHierarchy found for test class [bl.bullsandcowssummative.data.BullCowDaoImplDBTest], using SpringBootContextLoader
06:58:44.009 [main] DEBUG org.springframework.test.context.support.AbstractContextLoader - Did not detect default resource location for test class [bl.bullsandcowssummative.data.BullCowDaoImplDBTest]: class path resource [bl/bullsandcowssummative/data/BullCowDaoImplDBTest-context.xml] does not exist
06:58:44.009 [main] DEBUG org.springframework.test.context.support.AbstractContextLoader - Did not detect default resource location for test class [bl.bullsandcowssummative.data.BullCowDaoImplDBTest]: class path resource [bl/bullsandcowssummative/data/BullCowDaoImplDBTestContext.groovy] does not exist
06:58:44.009 [main] INFO org.springframework.test.context.support.AbstractContextLoader - Could not detect default resource locations for test class [bl.bullsandcowssummative.data.BullCowDaoImplDBTest]: no resource found for suffixes {-context.xml, Context.groovy}.
06:58:44.009 [main] INFO org.springframework.test.context.support.AnnotationConfigContextLoaderUtils - Could not detect default configuration classes for test class [bl.bullsandcowssummative.data.BullCowDaoImplDBTest]: BullCowDaoImplDBTest does not declare any static, non-private, non-final, nested classes annotated with @Configuration.
06:58:44.056 [main] DEBUG org.springframework.test.context.support.ActiveProfilesUtils - Could not find an 'annotation declaring class' for annotation type [org.springframework.test.context.ActiveProfiles] and class [bl.bullsandcowssummative.data.BullCowDaoImplDBTest]
06:58:44.181 [main] DEBUG org.springframework.context.annotation.ClassPathScanningCandidateComponentProvider - Identified candidate component class: file [C:\Users\Boone\Desktop\SoftwareGuild\Dev10-Coursework\BullsAndCowsSummative\target\classes\bl\bullsandcowssummative\App.class]
06:58:44.181 [main] INFO org.springframework.boot.test.context.SpringBootTestContextBootstrapper - Found @SpringBootConfiguration bl.bullsandcowssummative.App for test class bl.bullsandcowssummative.data.BullCowDaoImplDBTest
06:58:44.290 [main] DEBUG org.springframework.boot.test.context.SpringBootTestContextBootstrapper - @TestExecutionListeners is not present for class [bl.bullsandcowssummative.data.BullCowDaoImplDBTest]: using defaults.
06:58:44.290 [main] INFO org.springframework.boot.test.context.SpringBootTestContextBootstrapper - Loaded default TestExecutionListener class names from location [META-INF/spring.factories]: [org.springframework.boot.test.mock.mockito.MockitoTestExecutionListener, org.springframework.boot.test.mock.mockito.ResetMocksTestExecutionListener, org.springframework.boot.test.autoconfigure.restdocs.RestDocsTestExecutionListener, org.springframework.boot.test.autoconfigure.web.client.MockRestServiceServerResetTestExecutionListener, org.springframework.boot.test.autoconfigure.web.servlet.MockMvcPrintOnlyOnFailureTestExecutionListener, org.springframework.boot.test.autoconfigure.web.servlet.WebDriverTestExecutionListener, org.springframework.test.context.web.ServletTestExecutionListener, org.springframework.test.context.support.DirtiesContextBeforeModesTestExecutionListener, org.springframework.test.context.support.DependencyInjectionTestExecutionListener, org.springframework.test.context.support.DirtiesContextTestExecutionListener, org.springframework.test.context.transaction.TransactionalTestExecutionListener, org.springframework.test.context.jdbc.SqlScriptsTestExecutionListener, org.springframework.test.context.event.EventPublishingTestExecutionListener]
06:58:44.321 [main] INFO org.springframework.boot.test.context.SpringBootTestContextBootstrapper - Using TestExecutionListeners: [org.springframework.test.context.web.ServletTestExecutionListener@41d426b5, org.springframework.test.context.support.DirtiesContextBeforeModesTestExecutionListener@8dbfffb, org.springframework.boot.test.mock.mockito.MockitoTestExecutionListener@f316aeb, org.springframework.boot.test.autoconfigure.SpringBootDependencyInjectionTestExecutionListener@6aa3a905, org.springframework.test.context.support.DirtiesContextTestExecutionListener@a22cb6a, org.springframework.test.context.transaction.TransactionalTestExecutionListener@5dd1c9f2, org.springframework.test.context.jdbc.SqlScriptsTestExecutionListener@59b38691, org.springframework.test.context.event.EventPublishingTestExecutionListener@2e2ff723, org.springframework.boot.test.mock.mockito.ResetMocksTestExecutionListener@324a0017, org.springframework.boot.test.autoconfigure.restdocs.RestDocsTestExecutionListener@6187d1f5, org.springframework.boot.test.autoconfigure.web.client.MockRestServiceServerResetTestExecutionListener@2445445a, org.springframework.boot.test.autoconfigure.web.servlet.MockMvcPrintOnlyOnFailureTestExecutionListener@7502291e, org.springframework.boot.test.autoconfigure.web.servlet.WebDriverTestExecutionListener@17aad511]
06:58:44.321 [main] DEBUG org.springframework.test.annotation.ProfileValueUtils - Retrieved @ProfileValueSourceConfiguration [null] for test class [bl.bullsandcowssummative.data.BullCowDaoImplDBTest]
06:58:44.321 [main] DEBUG org.springframework.test.annotation.ProfileValueUtils - Retrieved ProfileValueSource type [class org.springframework.test.annotation.SystemProfileValueSource] for class [bl.bullsandcowssummative.data.BullCowDaoImplDBTest]
06:58:44.353 [main] DEBUG org.springframework.test.context.junit4.SpringJUnit4ClassRunner - SpringJUnit4ClassRunner constructor called with [class bl.bullsandcowssummative.service.BullCowServiceTest]
06:58:44.353 [main] DEBUG org.springframework.test.context.BootstrapUtils - Instantiating CacheAwareContextLoaderDelegate from class [org.springframework.test.context.cache.DefaultCacheAwareContextLoaderDelegate]
06:58:44.353 [main] DEBUG org.springframework.test.context.BootstrapUtils - Instantiating BootstrapContext using constructor [public org.springframework.test.context.support.DefaultBootstrapContext(java.lang.Class,org.springframework.test.context.CacheAwareContextLoaderDelegate)]
06:58:44.368 [main] DEBUG org.springframework.test.context.BootstrapUtils - Instantiating TestContextBootstrapper for test class [bl.bullsandcowssummative.service.BullCowServiceTest] from class [org.springframework.boot.test.context.SpringBootTestContextBootstrapper]
06:58:44.368 [main] INFO org.springframework.boot.test.context.SpringBootTestContextBootstrapper - Neither @ContextConfiguration nor @ContextHierarchy found for test class [bl.bullsandcowssummative.service.BullCowServiceTest], using SpringBootContextLoader
06:58:44.368 [main] DEBUG org.springframework.test.context.support.AbstractContextLoader - Did not detect default resource location for test class [bl.bullsandcowssummative.service.BullCowServiceTest]: class path resource [bl/bullsandcowssummative/service/BullCowServiceTest-context.xml] does not exist
06:58:44.368 [main] DEBUG org.springframework.test.context.support.AbstractContextLoader - Did not detect default resource location for test class [bl.bullsandcowssummative.service.BullCowServiceTest]: class path resource [bl/bullsandcowssummative/service/BullCowServiceTestContext.groovy] does not exist
06:58:44.368 [main] INFO org.springframework.test.context.support.AbstractContextLoader - Could not detect default resource locations for test class [bl.bullsandcowssummative.service.BullCowServiceTest]: no resource found for suffixes {-context.xml, Context.groovy}.
06:58:44.368 [main] DEBUG org.springframework.test.context.support.ActiveProfilesUtils - Could not find an 'annotation declaring class' for annotation type [org.springframework.test.context.ActiveProfiles] and class [bl.bullsandcowssummative.service.BullCowServiceTest]
06:58:44.368 [main] DEBUG org.springframework.boot.test.context.SpringBootTestContextBootstrapper - @TestExecutionListeners is not present for class [bl.bullsandcowssummative.service.BullCowServiceTest]: using defaults.
06:58:44.368 [main] INFO org.springframework.boot.test.context.SpringBootTestContextBootstrapper - Loaded default TestExecutionListener class names from location [META-INF/spring.factories]: [org.springframework.boot.test.mock.mockito.MockitoTestExecutionListener, org.springframework.boot.test.mock.mockito.ResetMocksTestExecutionListener, org.springframework.boot.test.autoconfigure.restdocs.RestDocsTestExecutionListener, org.springframework.boot.test.autoconfigure.web.client.MockRestServiceServerResetTestExecutionListener, org.springframework.boot.test.autoconfigure.web.servlet.MockMvcPrintOnlyOnFailureTestExecutionListener, org.springframework.boot.test.autoconfigure.web.servlet.WebDriverTestExecutionListener, org.springframework.test.context.web.ServletTestExecutionListener, org.springframework.test.context.support.DirtiesContextBeforeModesTestExecutionListener, org.springframework.test.context.support.DependencyInjectionTestExecutionListener, org.springframework.test.context.support.DirtiesContextTestExecutionListener, org.springframework.test.context.transaction.TransactionalTestExecutionListener, org.springframework.test.context.jdbc.SqlScriptsTestExecutionListener, org.springframework.test.context.event.EventPublishingTestExecutionListener]
06:58:44.368 [main] INFO org.springframework.boot.test.context.SpringBootTestContextBootstrapper - Using TestExecutionListeners: [org.springframework.test.context.web.ServletTestExecutionListener@1e8ce150, org.springframework.test.context.support.DirtiesContextBeforeModesTestExecutionListener@604f2bd2, org.springframework.boot.test.mock.mockito.MockitoTestExecutionListener@1d3ac898, org.springframework.boot.test.autoconfigure.SpringBootDependencyInjectionTestExecutionListener@1b73be9f, org.springframework.test.context.support.DirtiesContextTestExecutionListener@628c4ac0, org.springframework.test.context.transaction.TransactionalTestExecutionListener@7b84fcf8, org.springframework.test.context.jdbc.SqlScriptsTestExecutionListener@30b19518, org.springframework.test.context.event.EventPublishingTestExecutionListener@363042d7, org.springframework.boot.test.mock.mockito.ResetMocksTestExecutionListener@366ac49b, org.springframework.boot.test.autoconfigure.restdocs.RestDocsTestExecutionListener@6ad59d92, org.springframework.boot.test.autoconfigure.web.client.MockRestServiceServerResetTestExecutionListener@56f0cc85, org.springframework.boot.test.autoconfigure.web.servlet.MockMvcPrintOnlyOnFailureTestExecutionListener@62e20a76, org.springframework.boot.test.autoconfigure.web.servlet.WebDriverTestExecutionListener@2cc44ad]
06:58:44.384 [main] DEBUG org.springframework.test.annotation.ProfileValueUtils - Retrieved @ProfileValueSourceConfiguration [null] for test class [bl.bullsandcowssummative.service.BullCowServiceTest]
06:58:44.384 [main] DEBUG org.springframework.test.annotation.ProfileValueUtils - Retrieved ProfileValueSource type [class org.springframework.test.annotation.SystemProfileValueSource] for class [bl.bullsandcowssummative.service.BullCowServiceTest]
06:58:44.399 [main] DEBUG org.springframework.test.context.junit4.SpringJUnit4ClassRunner - SpringJUnit4ClassRunner constructor called with [class bl.bullsandcowssummative.data.BullCowDaoImplDBTest]
06:58:44.399 [main] DEBUG org.springframework.test.context.BootstrapUtils - Instantiating CacheAwareContextLoaderDelegate from class [org.springframework.test.context.cache.DefaultCacheAwareContextLoaderDelegate]
06:58:44.399 [main] DEBUG org.springframework.test.context.BootstrapUtils - Instantiating BootstrapContext using constructor [public org.springframework.test.context.support.DefaultBootstrapContext(java.lang.Class,org.springframework.test.context.CacheAwareContextLoaderDelegate)]
06:58:44.399 [main] DEBUG org.springframework.test.context.BootstrapUtils - Instantiating TestContextBootstrapper for test class [bl.bullsandcowssummative.data.BullCowDaoImplDBTest] from class [org.springframework.boot.test.context.SpringBootTestContextBootstrapper]
06:58:44.399 [main] INFO org.springframework.boot.test.context.SpringBootTestContextBootstrapper - Neither @ContextConfiguration nor @ContextHierarchy found for test class [bl.bullsandcowssummative.data.BullCowDaoImplDBTest], using SpringBootContextLoader
06:58:44.399 [main] DEBUG org.springframework.test.context.support.AbstractContextLoader - Did not detect default resource location for test class [bl.bullsandcowssummative.data.BullCowDaoImplDBTest]: class path resource [bl/bullsandcowssummative/data/BullCowDaoImplDBTest-context.xml] does not exist
06:58:44.399 [main] DEBUG org.springframework.test.context.support.AbstractContextLoader - Did not detect default resource location for test class [bl.bullsandcowssummative.data.BullCowDaoImplDBTest]: class path resource [bl/bullsandcowssummative/data/BullCowDaoImplDBTestContext.groovy] does not exist
06:58:44.399 [main] INFO org.springframework.test.context.support.AbstractContextLoader - Could not detect default resource locations for test class [bl.bullsandcowssummative.data.BullCowDaoImplDBTest]: no resource found for suffixes {-context.xml, Context.groovy}.
06:58:44.399 [main] INFO org.springframework.test.context.support.AnnotationConfigContextLoaderUtils - Could not detect default configuration classes for test class [bl.bullsandcowssummative.data.BullCowDaoImplDBTest]: BullCowDaoImplDBTest does not declare any static, non-private, non-final, nested classes annotated with @Configuration.
06:58:44.399 [main] DEBUG org.springframework.test.context.support.ActiveProfilesUtils - Could not find an 'annotation declaring class' for annotation type [org.springframework.test.context.ActiveProfiles] and class [bl.bullsandcowssummative.data.BullCowDaoImplDBTest]
06:58:44.399 [main] INFO org.springframework.boot.test.context.SpringBootTestContextBootstrapper - Found @SpringBootConfiguration bl.bullsandcowssummative.App for test class bl.bullsandcowssummative.data.BullCowDaoImplDBTest
06:58:44.399 [main] DEBUG org.springframework.boot.test.context.SpringBootTestContextBootstrapper - @TestExecutionListeners is not present for class [bl.bullsandcowssummative.data.BullCowDaoImplDBTest]: using defaults.
06:58:44.399 [main] INFO org.springframework.boot.test.context.SpringBootTestContextBootstrapper - Loaded default TestExecutionListener class names from location [META-INF/spring.factories]: [org.springframework.boot.test.mock.mockito.MockitoTestExecutionListener, org.springframework.boot.test.mock.mockito.ResetMocksTestExecutionListener, org.springframework.boot.test.autoconfigure.restdocs.RestDocsTestExecutionListener, org.springframework.boot.test.autoconfigure.web.client.MockRestServiceServerResetTestExecutionListener, org.springframework.boot.test.autoconfigure.web.servlet.MockMvcPrintOnlyOnFailureTestExecutionListener, org.springframework.boot.test.autoconfigure.web.servlet.WebDriverTestExecutionListener, org.springframework.test.context.web.ServletTestExecutionListener, org.springframework.test.context.support.DirtiesContextBeforeModesTestExecutionListener, org.springframework.test.context.support.DependencyInjectionTestExecutionListener, org.springframework.test.context.support.DirtiesContextTestExecutionListener, org.springframework.test.context.transaction.TransactionalTestExecutionListener, org.springframework.test.context.jdbc.SqlScriptsTestExecutionListener, org.springframework.test.context.event.EventPublishingTestExecutionListener]
06:58:44.415 [main] INFO org.springframework.boot.test.context.SpringBootTestContextBootstrapper - Using TestExecutionListeners: [org.springframework.test.context.web.ServletTestExecutionListener@1f6c9cd8, org.springframework.test.context.support.DirtiesContextBeforeModesTestExecutionListener@5b619d14, org.springframework.boot.test.mock.mockito.MockitoTestExecutionListener@66746f57, org.springframework.boot.test.autoconfigure.SpringBootDependencyInjectionTestExecutionListener@447a020, org.springframework.test.context.support.DirtiesContextTestExecutionListener@7f36662c, org.springframework.test.context.transaction.TransactionalTestExecutionListener@28e8dde3, org.springframework.test.context.jdbc.SqlScriptsTestExecutionListener@6d23017e, org.springframework.test.context.event.EventPublishingTestExecutionListener@54dcfa5a, org.springframework.boot.test.mock.mockito.ResetMocksTestExecutionListener@1817f1eb, org.springframework.boot.test.autoconfigure.restdocs.RestDocsTestExecutionListener@767e20cf, org.springframework.boot.test.autoconfigure.web.client.MockRestServiceServerResetTestExecutionListener@3a3e78f, org.springframework.boot.test.autoconfigure.web.servlet.MockMvcPrintOnlyOnFailureTestExecutionListener@301ec38b, org.springframework.boot.test.autoconfigure.web.servlet.WebDriverTestExecutionListener@17a1e4ca]
06:58:44.415 [main] DEBUG org.springframework.test.annotation.ProfileValueUtils - Retrieved @ProfileValueSourceConfiguration [null] for test class [bl.bullsandcowssummative.data.BullCowDaoImplDBTest]
06:58:44.416 [main] DEBUG org.springframework.test.annotation.ProfileValueUtils - Retrieved ProfileValueSource type [class org.springframework.test.annotation.SystemProfileValueSource] for class [bl.bullsandcowssummative.data.BullCowDaoImplDBTest]
06:58:44.417 [main] DEBUG org.springframework.test.context.junit4.SpringJUnit4ClassRunner - SpringJUnit4ClassRunner constructor called with [class bl.bullsandcowssummative.service.BullCowServiceTest]
06:58:44.417 [main] DEBUG org.springframework.test.context.BootstrapUtils - Instantiating CacheAwareContextLoaderDelegate from class [org.springframework.test.context.cache.DefaultCacheAwareContextLoaderDelegate]
06:58:44.417 [main] DEBUG org.springframework.test.context.BootstrapUtils - Instantiating BootstrapContext using constructor [public org.springframework.test.context.support.DefaultBootstrapContext(java.lang.Class,org.springframework.test.context.CacheAwareContextLoaderDelegate)]
06:58:44.417 [main] DEBUG org.springframework.test.context.BootstrapUtils - Instantiating TestContextBootstrapper for test class [bl.bullsandcowssummative.service.BullCowServiceTest] from class [org.springframework.boot.test.context.SpringBootTestContextBootstrapper]
06:58:44.417 [main] INFO org.springframework.boot.test.context.SpringBootTestContextBootstrapper - Neither @ContextConfiguration nor @ContextHierarchy found for test class [bl.bullsandcowssummative.service.BullCowServiceTest], using SpringBootContextLoader
06:58:44.417 [main] DEBUG org.springframework.test.context.support.AbstractContextLoader - Did not detect default resource location for test class [bl.bullsandcowssummative.service.BullCowServiceTest]: class path resource [bl/bullsandcowssummative/service/BullCowServiceTest-context.xml] does not exist
06:58:44.417 [main] DEBUG org.springframework.test.context.support.AbstractContextLoader - Did not detect default resource location for test class [bl.bullsandcowssummative.service.BullCowServiceTest]: class path resource [bl/bullsandcowssummative/service/BullCowServiceTestContext.groovy] does not exist
06:58:44.417 [main] INFO org.springframework.test.context.support.AbstractContextLoader - Could not detect default resource locations for test class [bl.bullsandcowssummative.service.BullCowServiceTest]: no resource found for suffixes {-context.xml, Context.groovy}.
06:58:44.433 [main] DEBUG org.springframework.test.context.support.ActiveProfilesUtils - Could not find an 'annotation declaring class' for annotation type [org.springframework.test.context.ActiveProfiles] and class [bl.bullsandcowssummative.service.BullCowServiceTest]
06:58:44.433 [main] DEBUG org.springframework.boot.test.context.SpringBootTestContextBootstrapper - @TestExecutionListeners is not present for class [bl.bullsandcowssummative.service.BullCowServiceTest]: using defaults.
06:58:44.433 [main] INFO org.springframework.boot.test.context.SpringBootTestContextBootstrapper - Loaded default TestExecutionListener class names from location [META-INF/spring.factories]: [org.springframework.boot.test.mock.mockito.MockitoTestExecutionListener, org.springframework.boot.test.mock.mockito.ResetMocksTestExecutionListener, org.springframework.boot.test.autoconfigure.restdocs.RestDocsTestExecutionListener, org.springframework.boot.test.autoconfigure.web.client.MockRestServiceServerResetTestExecutionListener, org.springframework.boot.test.autoconfigure.web.servlet.MockMvcPrintOnlyOnFailureTestExecutionListener, org.springframework.boot.test.autoconfigure.web.servlet.WebDriverTestExecutionListener, org.springframework.test.context.web.ServletTestExecutionListener, org.springframework.test.context.support.DirtiesContextBeforeModesTestExecutionListener, org.springframework.test.context.support.DependencyInjectionTestExecutionListener, org.springframework.test.context.support.DirtiesContextTestExecutionListener, org.springframework.test.context.transaction.TransactionalTestExecutionListener, org.springframework.test.context.jdbc.SqlScriptsTestExecutionListener, org.springframework.test.context.event.EventPublishingTestExecutionListener]
06:58:44.448 [main] INFO org.springframework.boot.test.context.SpringBootTestContextBootstrapper - Using TestExecutionListeners: [org.springframework.test.context.web.ServletTestExecutionListener@340b9973, org.springframework.test.context.support.DirtiesContextBeforeModesTestExecutionListener@56113384, org.springframework.boot.test.mock.mockito.MockitoTestExecutionListener@5669c5fb, org.springframework.boot.test.autoconfigure.SpringBootDependencyInjectionTestExecutionListener@373ebf74, org.springframework.test.context.support.DirtiesContextTestExecutionListener@5f9678e1, org.springframework.test.context.transaction.TransactionalTestExecutionListener@c4ed84, org.springframework.test.context.jdbc.SqlScriptsTestExecutionListener@189aa67a, org.springframework.test.context.event.EventPublishingTestExecutionListener@5a9d6f02, org.springframework.boot.test.mock.mockito.ResetMocksTestExecutionListener@362045c0, org.springframework.boot.test.autoconfigure.restdocs.RestDocsTestExecutionListener@112f364d, org.springframework.boot.test.autoconfigure.web.client.MockRestServiceServerResetTestExecutionListener@5ccbeb64, org.springframework.boot.test.autoconfigure.web.servlet.MockMvcPrintOnlyOnFailureTestExecutionListener@6d9f7a80, org.springframework.boot.test.autoconfigure.web.servlet.WebDriverTestExecutionListener@59252cb6]
06:58:44.448 [main] DEBUG org.springframework.test.annotation.ProfileValueUtils - Retrieved @ProfileValueSourceConfiguration [null] for test class [bl.bullsandcowssummative.service.BullCowServiceTest]
06:58:44.448 [main] DEBUG org.springframework.test.annotation.ProfileValueUtils - Retrieved ProfileValueSource type [class org.springframework.test.annotation.SystemProfileValueSource] for class [bl.bullsandcowssummative.service.BullCowServiceTest]
06:58:44.558 [main] DEBUG org.springframework.test.annotation.ProfileValueUtils - Retrieved @ProfileValueSourceConfiguration [null] for test class [bl.bullsandcowssummative.data.BullCowDaoImplDBTest]
06:58:44.558 [main] DEBUG org.springframework.test.annotation.ProfileValueUtils - Retrieved ProfileValueSource type [class org.springframework.test.annotation.SystemProfileValueSource] for class [bl.bullsandcowssummative.data.BullCowDaoImplDBTest]
06:58:44.558 [main] DEBUG org.springframework.test.annotation.ProfileValueUtils - Retrieved @ProfileValueSourceConfiguration [null] for test class [bl.bullsandcowssummative.data.BullCowDaoImplDBTest]
06:58:44.558 [main] DEBUG org.springframework.test.annotation.ProfileValueUtils - Retrieved ProfileValueSource type [class org.springframework.test.annotation.SystemProfileValueSource] for class [bl.bullsandcowssummative.data.BullCowDaoImplDBTest]
06:58:44.558 [main] DEBUG org.springframework.test.annotation.ProfileValueUtils - Retrieved @ProfileValueSourceConfiguration [null] for test class [bl.bullsandcowssummative.data.BullCowDaoImplDBTest]
06:58:44.558 [main] DEBUG org.springframework.test.annotation.ProfileValueUtils - Retrieved ProfileValueSource type [class org.springframework.test.annotation.SystemProfileValueSource] for class [bl.bullsandcowssummative.data.BullCowDaoImplDBTest]
06:58:44.573 [main] DEBUG org.springframework.test.context.support.AbstractDirtiesContextTestExecutionListener - Before test class: context [DefaultTestContext@17a87e37 testClass = BullCowDaoImplDBTest, testInstance = [null], testMethod = [null], testException = [null], mergedContextConfiguration = [WebMergedContextConfiguration@3eeb318f testClass = BullCowDaoImplDBTest, locations = '{}', classes = '{class bl.bullsandcowssummative.App}', contextInitializerClasses = '[]', activeProfiles = '{}', propertySourceLocations = '{}', propertySourceProperties = '{org.springframework.boot.test.context.SpringBootTestContextBootstrapper=true}', contextCustomizers = set[org.springframework.boot.test.context.filter.ExcludeFilterContextCustomizer@2b30a42c, org.springframework.boot.test.json.DuplicateJsonObjectContextCustomizerFactory$DuplicateJsonObjectContextCustomizer@43df23d3, org.springframework.boot.test.mock.mockito.MockitoContextCustomizer@0, org.springframework.boot.test.web.client.TestRestTemplateContextCustomizer@72bc6553, org.springframework.boot.test.autoconfigure.properties.PropertyMappingContextCustomizer@0, org.springframework.boot.test.autoconfigure.web.servlet.WebDriverContextCustomizerFactory$Customizer@480d3575], resourceBasePath = 'src/main/webapp', contextLoader = 'org.springframework.boot.test.context.SpringBootContextLoader', parent = [null]], attributes = map['org.springframework.test.context.web.ServletTestExecutionListener.activateListener' -> true]], class annotated with @DirtiesContext [false] with mode [null].
06:58:44.573 [main] DEBUG org.springframework.test.annotation.ProfileValueUtils - Retrieved @ProfileValueSourceConfiguration [null] for test class [bl.bullsandcowssummative.data.BullCowDaoImplDBTest]
06:58:44.573 [main] DEBUG org.springframework.test.annotation.ProfileValueUtils - Retrieved ProfileValueSource type [class org.springframework.test.annotation.SystemProfileValueSource] for class [bl.bullsandcowssummative.data.BullCowDaoImplDBTest]
06:58:44.648 [main] DEBUG org.springframework.test.context.support.TestPropertySourceUtils - Adding inlined properties to environment: {spring.jmx.enabled=false, org.springframework.boot.test.context.SpringBootTestContextBootstrapper=true, server.port=-1}

  .   ____          _            __ _ _
 /\\ / ___'_ __ _ _(_)_ __  __ _ \ \ \ \
( ( )\___ | '_ | '_| | '_ \/ _` | \ \ \ \
 \\/  ___)| |_)| | | | | || (_| |  ) ) ) )
  '  |____| .__|_| |_|_| |_\__, | / / / /
 =========|_|==============|___/=/_/_/_/
 :: Spring Boot ::        (v2.2.2.RELEASE)

2020-01-19 06:58:45.269  INFO 4120 --- [           main] b.b.data.BullCowDaoImplDBTest            : Starting BullCowDaoImplDBTest on DESKTOP-QPQSRPP with PID 4120 (started by Boone in C:\Users\Boone\Desktop\SoftwareGuild\Dev10-Coursework\BullsAndCowsSummative)
2020-01-19 06:58:45.269  INFO 4120 --- [           main] b.b.data.BullCowDaoImplDBTest            : The following profiles are active: database
2020-01-19 06:58:47.637  INFO 4120 --- [           main] o.s.s.concurrent.ThreadPoolTaskExecutor  : Initializing ExecutorService 'applicationTaskExecutor'
2020-01-19 06:58:48.128  INFO 4120 --- [           main] b.b.data.BullCowDaoImplDBTest            : Started BullCowDaoImplDBTest in 3.468 seconds (JVM running for 5.149)
2020-01-19 06:58:48.630  INFO 4120 --- [           main] com.zaxxer.hikari.HikariDataSource       : HikariPool-1 - Starting...
2020-01-19 06:58:48.908  INFO 4120 --- [           main] com.zaxxer.hikari.HikariDataSource       : HikariPool-1 - Start completed.
]]></system-out>
  </testcase>
  <testcase name="testUpdateGame" classname="bl.bullsandcowssummative.data.BullCowDaoImplDBTest" time="0.062">
    <error type="java.lang.NullPointerException">java.lang.NullPointerException
	at bl.bullsandcowssummative.data.BullCowDaoImplDBTest.testUpdateGame(BullCowDaoImplDBTest.java:111)
</error>
  </testcase>
  <testcase name="testDeleteGameById" classname="bl.bullsandcowssummative.data.BullCowDaoImplDBTest" time="0.031">
    <failure type="java.lang.AssertionError">java.lang.AssertionError
	at bl.bullsandcowssummative.data.BullCowDaoImplDBTest.testDeleteGameById(BullCowDaoImplDBTest.java:173)
</failure>
  </testcase>
  <testcase name="testDeleteRoundByGameId" classname="bl.bullsandcowssummative.data.BullCowDaoImplDBTest" time="0.204">
    <error message="PreparedStatementCallback; SQL [INSERT INTO allRounds (TimeOfGuess, RoundResults, Guess, GameID) VALUES (?, ?, ?, ?);]; Cannot add or update a child row: a foreign key constraint fails (`bullsandcowstestdb`.`allrounds`, CONSTRAINT `allrounds_ibfk_1` FOREIGN KEY (`GameID`) REFERENCES `games` (`GameID`)); nested exception is java.sql.SQLIntegrityConstraintViolationException: Cannot add or update a child row: a foreign key constraint fails (`bullsandcowstestdb`.`allrounds`, CONSTRAINT `allrounds_ibfk_1` FOREIGN KEY (`GameID`) REFERENCES `games` (`GameID`))" type="org.springframework.dao.DataIntegrityViolationException">org.springframework.dao.DataIntegrityViolationException: PreparedStatementCallback; SQL [INSERT INTO allRounds (TimeOfGuess, RoundResults, Guess, GameID) VALUES (?, ?, ?, ?);]; Cannot add or update a child row: a foreign key constraint fails (`bullsandcowstestdb`.`allrounds`, CONSTRAINT `allrounds_ibfk_1` FOREIGN KEY (`GameID`) REFERENCES `games` (`GameID`)); nested exception is java.sql.SQLIntegrityConstraintViolationException: Cannot add or update a child row: a foreign key constraint fails (`bullsandcowstestdb`.`allrounds`, CONSTRAINT `allrounds_ibfk_1` FOREIGN KEY (`GameID`) REFERENCES `games` (`GameID`))
	at bl.bullsandcowssummative.data.BullCowDaoImplDBTest.testDeleteRoundByGameId(BullCowDaoImplDBTest.java:193)
Caused by: java.sql.SQLIntegrityConstraintViolationException: Cannot add or update a child row: a foreign key constraint fails (`bullsandcowstestdb`.`allrounds`, CONSTRAINT `allrounds_ibfk_1` FOREIGN KEY (`GameID`) REFERENCES `games` (`GameID`))
	at bl.bullsandcowssummative.data.BullCowDaoImplDBTest.testDeleteRoundByGameId(BullCowDaoImplDBTest.java:193)
</error>
  </testcase>
  <testcase name="testAddGameANDgetGameByID" classname="bl.bullsandcowssummative.data.BullCowDaoImplDBTest" time="0.015">
    <failure message="expected:&lt;bl.bullsandcowssummative.models.BullCowGameObject@8ffe768&gt; but was:&lt;null&gt;" type="java.lang.AssertionError"><![CDATA[java.lang.AssertionError: expected:<bl.bullsandcowssummative.models.BullCowGameObject@8ffe768> but was:<null>
	at bl.bullsandcowssummative.data.BullCowDaoImplDBTest.testAddGameANDgetGameByID(BullCowDaoImplDBTest.java:75)
]]></failure>
  </testcase>
  <testcase name="testAddRoundANDGetAllRoundsByGameID" classname="bl.bullsandcowssummative.data.BullCowDaoImplDBTest" time="0.016">
    <error message="PreparedStatementCallback; SQL [INSERT INTO allRounds (TimeOfGuess, RoundResults, Guess, GameID) VALUES (?, ?, ?, ?);]; Cannot add or update a child row: a foreign key constraint fails (`bullsandcowstestdb`.`allrounds`, CONSTRAINT `allrounds_ibfk_1` FOREIGN KEY (`GameID`) REFERENCES `games` (`GameID`)); nested exception is java.sql.SQLIntegrityConstraintViolationException: Cannot add or update a child row: a foreign key constraint fails (`bullsandcowstestdb`.`allrounds`, CONSTRAINT `allrounds_ibfk_1` FOREIGN KEY (`GameID`) REFERENCES `games` (`GameID`))" type="org.springframework.dao.DataIntegrityViolationException">org.springframework.dao.DataIntegrityViolationException: PreparedStatementCallback; SQL [INSERT INTO allRounds (TimeOfGuess, RoundResults, Guess, GameID) VALUES (?, ?, ?, ?);]; Cannot add or update a child row: a foreign key constraint fails (`bullsandcowstestdb`.`allrounds`, CONSTRAINT `allrounds_ibfk_1` FOREIGN KEY (`GameID`) REFERENCES `games` (`GameID`)); nested exception is java.sql.SQLIntegrityConstraintViolationException: Cannot add or update a child row: a foreign key constraint fails (`bullsandcowstestdb`.`allrounds`, CONSTRAINT `allrounds_ibfk_1` FOREIGN KEY (`GameID`) REFERENCES `games` (`GameID`))
	at bl.bullsandcowssummative.data.BullCowDaoImplDBTest.testAddRoundANDGetAllRoundsByGameID(BullCowDaoImplDBTest.java:127)
Caused by: java.sql.SQLIntegrityConstraintViolationException: Cannot add or update a child row: a foreign key constraint fails (`bullsandcowstestdb`.`allrounds`, CONSTRAINT `allrounds_ibfk_1` FOREIGN KEY (`GameID`) REFERENCES `games` (`GameID`))
	at bl.bullsandcowssummative.data.BullCowDaoImplDBTest.testAddRoundANDGetAllRoundsByGameID(BullCowDaoImplDBTest.java:127)
</error>
  </testcase>
</testsuite>